[2025-10-13T18:21:44.855Z] [SUCCESS] Webhook server running on http://localhost:3000
[2025-10-13T18:21:44.863Z] [INFO] Webhook endpoint: http://localhost:3000/webhook/{source}
[2025-10-13T18:21:44.864Z] [INFO] Example: http://localhost:3000/webhook/github
[2025-10-13T18:23:32.263Z] [INFO] GET /public/index.html
[2025-10-13T18:23:32.401Z] [INFO] GET /favicon.ico
[2025-10-13T18:23:34.470Z] [INFO] GET /public/index.html
[2025-10-13T18:24:05.918Z] [INFO] GET /api/webhooks
[2025-10-13T18:24:06.219Z] [INFO] GET /favicon.ico
[2025-10-13T18:24:43.468Z] [INFO] GET /webhook/github
[2025-10-13T18:24:44.016Z] [INFO] GET /webhook/github
[2025-10-13T18:24:48.465Z] [INFO] GET /webhook/github
[2025-10-13T18:25:08.257Z] [INFO] GET /
[2025-10-13T18:25:08.398Z] [INFO] GET /style.css
[2025-10-13T18:25:08.400Z] [INFO] GET /app.js
[2025-10-13T18:25:08.832Z] [INFO] GET /api/webhooks
[2025-10-13T18:25:15.576Z] [INFO] GET /api/webhooks
[2025-10-13T18:25:18.846Z] [INFO] GET /api/webhooks
[2025-10-13T18:25:29.354Z] [INFO] GET /api/webhooks
[2025-10-13T18:25:39.355Z] [INFO] GET /api/webhooks
[2025-10-13T18:25:49.343Z] [INFO] GET /api/webhooks
[2025-10-13T18:25:59.340Z] [INFO] GET /api/webhooks
[2025-10-13T18:26:08.821Z] [INFO] GET /api/webhooks
[2025-10-13T18:26:18.822Z] [INFO] GET /api/webhooks
[2025-10-13T18:26:29.350Z] [INFO] GET /api/webhooks
[2025-10-13T18:26:39.353Z] [INFO] GET /api/webhooks
[2025-10-13T18:26:50.019Z] [INFO] GET /api/webhooks
[2025-10-13T18:26:59.333Z] [INFO] GET /api/webhooks
[2025-10-13T18:27:09.330Z] [INFO] GET /api/webhooks
[2025-10-13T18:27:19.328Z] [INFO] GET /api/webhooks
[2025-10-13T18:27:49.336Z] [INFO] GET /api/webhooks
[2025-10-13T18:28:49.312Z] [INFO] GET /api/webhooks
[2025-10-13T18:29:49.320Z] [INFO] GET /api/webhooks
[2025-10-13T18:30:49.293Z] [INFO] GET /api/webhooks
[2025-10-13T18:31:40.923Z] [INFO] GET /api/webhooks
[2025-10-13T18:31:48.755Z] [INFO] GET /api/webhooks
