[2025-10-19T14:39:35.172Z] [SUCCESS] Webhook server running on http://localhost:3000
[2025-10-19T14:39:35.188Z] [INFO] Webhook endpoint: http://localhost:3000/webhook/{source}
[2025-10-19T14:39:35.189Z] [INFO] Example: http://localhost:3000/webhook/github
[2025-10-19T14:39:44.207Z] [INFO] GET /
[2025-10-19T14:39:44.402Z] [INFO] GET /style.css
[2025-10-19T14:39:44.414Z] [INFO] GET /app.js
[2025-10-19T14:39:44.927Z] [INFO] GET /api/webhooks
[2025-10-19T14:39:55.093Z] [INFO] GET /api/webhooks
[2025-10-19T14:40:05.065Z] [INFO] GET /api/webhooks
[2025-10-19T14:40:15.057Z] [INFO] GET /api/webhooks
[2025-10-19T14:40:25.368Z] [INFO] GET /api/webhooks
[2025-10-19T14:40:35.293Z] [INFO] GET /api/webhooks
[2025-10-19T14:40:47.253Z] [INFO] GET /api/webhooks
[2025-10-19T14:40:55.277Z] [INFO] GET /api/webhooks
[2025-10-19T14:41:05.275Z] [INFO] GET /api/webhooks
[2025-10-19T14:41:15.300Z] [INFO] GET /api/webhooks
[2025-10-19T14:41:34.685Z] [INFO] GET /api/webhooks
[2025-10-19T14:41:48.388Z] [INFO] GET /api/webhooks
[2025-10-19T14:41:55.290Z] [INFO] GET /api/webhooks
[2025-10-19T14:42:06.507Z] [INFO] GET /api/webhooks
[2025-10-19T14:42:15.248Z] [INFO] GET /api/webhooks
[2025-10-19T14:42:25.253Z] [INFO] GET /api/webhooks
[2025-10-19T14:43:07.644Z] [INFO] POST /webhook/github
[2025-10-19T14:43:07.652Z] [SUCCESS] Webhook saved: webhook_1760884987649.json
[2025-10-19T14:43:07.654Z] [INFO] Processing webhook from github...
[2025-10-19T14:43:07.655Z] [INFO] GitHub event: ping
[2025-10-19T14:43:07.657Z] [SUCCESS] Webhook received from github
[2025-10-19T14:43:12.448Z] [INFO] GET /api/webhooks
[2025-10-19T14:43:18.010Z] [INFO] GET /api/webhooks
[2025-10-19T14:43:25.065Z] [INFO] GET /api/webhooks
[2025-10-19T14:43:37.483Z] [INFO] GET /api/webhooks
[2025-10-19T14:43:45.260Z] [INFO] GET /api/webhooks
[2025-10-19T14:43:55.265Z] [INFO] GET /api/webhooks
[2025-10-19T14:44:05.290Z] [INFO] GET /api/webhooks
[2025-10-19T14:44:17.008Z] [INFO] GET /api/webhooks
[2025-10-19T14:44:25.173Z] [INFO] GET /api/webhooks
[2025-10-19T14:45:12.231Z] [INFO] GET /api/webhooks
[2025-10-19T14:46:12.402Z] [INFO] GET /api/webhooks
[2025-10-19T14:46:13.999Z] [INFO] POST /webhook/github
[2025-10-19T14:46:14.010Z] [SUCCESS] Webhook saved: webhook_1760885174006.json
[2025-10-19T14:46:14.010Z] [INFO] Processing webhook from github...
[2025-10-19T14:46:14.011Z] [INFO] GitHub event: push
[2025-10-19T14:46:14.012Z] [INFO] Received 1 commits to branch main
[2025-10-19T14:46:14.013Z] [SUCCESS] Webhook received from github
[2025-10-19T14:46:32.652Z] [INFO] GET /api/webhooks
[2025-10-19T14:46:35.042Z] [INFO] GET /api/webhooks
[2025-10-19T14:46:45.461Z] [INFO] GET /api/webhooks
[2025-10-19T14:46:55.043Z] [INFO] GET /api/webhooks
[2025-10-19T14:47:05.036Z] [INFO] GET /api/webhooks
[2025-10-19T14:47:15.163Z] [INFO] GET /api/webhooks
[2025-10-19T14:47:25.055Z] [INFO] GET /api/webhooks
[2025-10-19T14:47:35.060Z] [INFO] GET /api/webhooks
[2025-10-19T14:47:45.054Z] [INFO] GET /api/webhooks
[2025-10-19T14:47:55.055Z] [INFO] GET /api/webhooks
[2025-10-19T14:48:05.075Z] [INFO] GET /api/webhooks
[2025-10-19T14:48:15.048Z] [INFO] GET /api/webhooks
[2025-10-19T14:48:25.162Z] [INFO] GET /api/webhooks
[2025-10-19T14:48:35.038Z] [INFO] GET /api/webhooks
[2025-10-19T14:48:40.168Z] [INFO] GET /api/webhooks
[2025-10-19T14:48:45.588Z] [INFO] GET /api/webhooks
[2025-10-19T14:48:55.142Z] [INFO] GET /api/webhooks
[2025-10-19T14:49:05.264Z] [INFO] GET /api/webhooks
[2025-10-19T14:49:15.053Z] [INFO] GET /api/webhooks
[2025-10-19T14:49:25.625Z] [INFO] GET /api/webhooks
[2025-10-19T14:49:35.266Z] [INFO] GET /api/webhooks
[2025-10-19T14:49:46.779Z] [INFO] GET /api/webhooks
[2025-10-19T14:49:55.262Z] [INFO] GET /api/webhooks
[2025-10-19T14:50:05.266Z] [INFO] GET /api/webhooks
[2025-10-19T14:50:15.253Z] [INFO] GET /api/webhooks
[2025-10-19T14:51:12.492Z] [INFO] GET /api/webhooks
[2025-10-19T14:51:38.097Z] [INFO] GET /api/webhooks
[2025-10-19T14:51:44.922Z] [INFO] GET /api/webhooks
[2025-10-19T14:51:56.815Z] [INFO] GET /api/webhooks
[2025-10-19T14:52:06.037Z] [INFO] GET /api/webhooks
[2025-10-19T14:52:15.341Z] [INFO] GET /api/webhooks
[2025-10-19T14:52:25.247Z] [INFO] GET /api/webhooks
[2025-10-19T14:52:35.266Z] [INFO] GET /api/webhooks
[2025-10-19T14:52:45.285Z] [INFO] GET /api/webhooks
[2025-10-19T14:53:12.259Z] [INFO] GET /api/webhooks
[2025-10-19T14:54:12.377Z] [INFO] GET /api/webhooks
[2025-10-19T14:55:12.265Z] [INFO] GET /api/webhooks
[2025-10-19T14:56:12.402Z] [INFO] GET /api/webhooks
[2025-10-19T14:57:12.529Z] [INFO] GET /api/webhooks
[2025-10-19T14:58:12.348Z] [INFO] GET /api/webhooks
