[2025-10-11T14:03:02.748Z] [SUCCESS] Webhook server running on http://localhost:3000
[2025-10-11T14:03:02.762Z] [INFO] Webhook endpoint: http://localhost:3000/webhook/{source}
[2025-10-11T14:03:02.763Z] [INFO] Example: http://localhost:3000/webhook/github
[2025-10-11T14:03:19.188Z] [INFO] GET /
[2025-10-11T14:03:19.291Z] [INFO] GET /style.css
[2025-10-11T14:03:19.349Z] [INFO] GET /app.js
[2025-10-11T14:03:19.661Z] [INFO] GET /favicon.ico
[2025-10-11T14:06:27.607Z] [INFO] POST /webhook/test
[2025-10-11T14:06:27.618Z] [SUCCESS] Webhook saved: webhook_1760191587615.json
[2025-10-11T14:06:27.619Z] [INFO] Processing webhook from test...
[2025-10-11T14:06:27.620Z] [SUCCESS] Webhook received from test
[2025-10-11T14:07:13.288Z] [INFO] GET /
[2025-10-11T14:07:13.342Z] [INFO] GET /style.css
[2025-10-11T14:07:13.351Z] [INFO] GET /app.js
[2025-10-11T14:07:18.585Z] [INFO] GET /
[2025-10-11T14:07:18.610Z] [INFO] GET /style.css
[2025-10-11T14:07:18.615Z] [INFO] GET /app.js
[2025-10-11T14:07:48.136Z] [INFO] POST /webhook/test
[2025-10-11T14:07:48.139Z] [SUCCESS] Webhook saved: webhook_1760191668138.json
[2025-10-11T14:07:48.139Z] [INFO] Processing webhook from test...
[2025-10-11T14:07:48.141Z] [SUCCESS] Webhook received from test
[2025-10-11T14:07:59.610Z] [INFO] POST /webhook/test
[2025-10-11T14:07:59.621Z] [SUCCESS] Webhook saved: webhook_1760191679611.json
[2025-10-11T14:07:59.621Z] [INFO] Processing webhook from test...
[2025-10-11T14:07:59.622Z] [SUCCESS] Webhook received from test
[2025-10-11T14:08:32.571Z] [INFO] GET /
[2025-10-11T14:08:32.609Z] [INFO] GET /style.css
[2025-10-11T14:08:32.613Z] [INFO] GET /app.js
[2025-10-11T14:10:03.650Z] [INFO] POST /webhook/test
[2025-10-11T14:10:03.654Z] [SUCCESS] Webhook saved: webhook_1760191803653.json
[2025-10-11T14:10:03.655Z] [INFO] Processing webhook from test...
[2025-10-11T14:10:03.657Z] [SUCCESS] Webhook received from test
[2025-10-11T14:10:57.324Z] [INFO] GET /.well-known/appspecific/com.chrome.devtools.json
[2025-10-11T14:10:57.326Z] [INFO] GET /style.css
[2025-10-11T14:11:02.259Z] [INFO] GET /
[2025-10-11T14:11:02.299Z] [INFO] GET /.well-known/appspecific/com.chrome.devtools.json
[2025-10-11T14:11:02.307Z] [INFO] GET /style.css
[2025-10-11T14:11:02.312Z] [INFO] GET /app.js
[2025-10-11T14:12:11.458Z] [INFO] GET /
[2025-10-11T14:12:11.498Z] [INFO] GET /.well-known/appspecific/com.chrome.devtools.json
[2025-10-11T14:12:11.512Z] [INFO] GET /style.css
[2025-10-11T14:12:11.521Z] [INFO] GET /app.js
[2025-10-11T14:12:11.564Z] [INFO] GET /api/webhooks
[2025-10-11T14:12:19.344Z] [INFO] GET /api/webhooks
[2025-10-11T14:12:21.561Z] [INFO] GET /api/webhooks
[2025-10-11T14:12:21.636Z] [INFO] GET /api/webhooks
[2025-10-11T14:12:31.575Z] [INFO] GET /api/webhooks
[2025-10-11T14:12:41.577Z] [INFO] GET /api/webhooks
[2025-10-11T14:12:52.549Z] [INFO] GET /api/webhooks
[2025-10-11T14:13:02.550Z] [INFO] GET /api/webhooks
[2025-10-11T14:13:12.553Z] [INFO] GET /api/webhooks
[2025-10-11T14:13:22.371Z] [INFO] GET /api/webhooks
[2025-10-11T14:13:31.575Z] [INFO] GET /api/webhooks
[2025-10-11T14:13:41.565Z] [INFO] GET /api/webhooks
[2025-10-11T14:13:52.551Z] [INFO] GET /api/webhooks
[2025-10-11T14:14:02.549Z] [INFO] GET /api/webhooks
[2025-10-11T14:14:12.559Z] [INFO] GET /api/webhooks
[2025-10-11T14:14:22.549Z] [INFO] GET /api/webhooks
[2025-10-11T14:14:32.549Z] [INFO] GET /api/webhooks
[2025-10-11T14:14:42.561Z] [INFO] GET /api/webhooks
[2025-10-11T14:15:05.548Z] [INFO] GET /api/webhooks
[2025-10-11T14:16:05.569Z] [INFO] GET /api/webhooks
[2025-10-11T14:17:05.556Z] [INFO] GET /api/webhooks
[2025-10-11T14:18:05.563Z] [INFO] GET /api/webhooks
[2025-10-11T14:19:05.570Z] [INFO] GET /api/webhooks
[2025-10-11T14:20:05.578Z] [INFO] GET /api/webhooks
[2025-10-11T14:21:05.574Z] [INFO] GET /api/webhooks
[2025-10-11T14:22:05.583Z] [INFO] GET /api/webhooks
[2025-10-11T14:23:05.571Z] [INFO] GET /api/webhooks
[2025-10-11T14:24:05.586Z] [INFO] GET /api/webhooks
[2025-10-11T14:25:05.593Z] [INFO] GET /api/webhooks
[2025-10-11T14:26:05.587Z] [INFO] GET /api/webhooks
[2025-10-11T14:27:05.586Z] [INFO] GET /api/webhooks
[2025-10-11T14:28:05.594Z] [INFO] GET /api/webhooks
[2025-10-11T14:29:05.604Z] [INFO] GET /api/webhooks
[2025-10-11T14:30:05.599Z] [INFO] GET /api/webhooks
